Using pre-set license
Built from '2020.2/staging' branch; Version is '2020.2.3f1 (8ff31bc5bf5b) revision 9433883'; Using compiler version '192528614'; Build Type 'Release'
OS: 'Windows 10 Home; OS build 19042.906; Version 2009; 64bit' Language: 'en' Physical Memory: 16282 MB
BatchMode: 1, IsHumanControllingUs: 0, StartBugReporterOnCrash: 0, Is64bit: 1, IsPro: 0

 COMMAND LINE ARGUMENTS:
C:\Program Files\Unity\2020.2.3f1\Editor\Unity.exe
-adb2
-batchMode
-noUpm
-name
AssetImportWorker1
-projectPath
C:/Users/charl/Documents/GitHub Projects/Arthur-Narrative-Game/Arthur Narrative Game
-logFile
Logs/AssetImportWorker1.log
-srvPort
60621
Successfully changed project path to: C:/Users/charl/Documents/GitHub Projects/Arthur-Narrative-Game/Arthur Narrative Game
C:/Users/charl/Documents/GitHub Projects/Arthur-Narrative-Game/Arthur Narrative Game
Using Asset Import Pipeline V2.
Refreshing native plugins compatible for Editor in 34.78 ms, found 0 plugins.
Preloading 0 native plugins for Editor in 0.00 ms.
Initialize engine version: 2020.2.3f1 (8ff31bc5bf5b)
[Subsystems] Discovering subsystems at path C:/Program Files/Unity/2020.2.3f1/Editor/Data/Resources/UnitySubsystems
[Subsystems] Discovering subsystems at path C:/Users/charl/Documents/GitHub Projects/Arthur-Narrative-Game/Arthur Narrative Game/Assets
GfxDevice: creating device client; threaded=0
Direct3D:
    Version:  Direct3D 11.0 [level 11.1]
    Renderer: NVIDIA GeForce RTX 2060 (ID=0x1f11)
    Vendor:   
    VRAM:     5980 MB
    Driver:   27.21.14.6589
Initialize mono
Mono path[0] = 'C:/Program Files/Unity/2020.2.3f1/Editor/Data/Managed'
Mono path[1] = 'C:/Program Files/Unity/2020.2.3f1/Editor/Data/MonoBleedingEdge/lib/mono/unityjit'
Mono config path = 'C:/Program Files/Unity/2020.2.3f1/Editor/Data/MonoBleedingEdge/etc'
Using monoOptions --debugger-agent=transport=dt_socket,embedding=1,server=y,suspend=n,address=127.0.0.1:56312
Begin MonoManager ReloadAssembly
Registering precompiled unity dll's ...
Register platform support module: C:/Program Files/Unity/2020.2.3f1/Editor/Data/PlaybackEngines/MacStandaloneSupport/UnityEditor.OSXStandalone.Extensions.dll
Register platform support module: C:/Program Files/Unity/2020.2.3f1/Editor/Data/PlaybackEngines/WindowsStandaloneSupport/UnityEditor.WindowsStandalone.Extensions.dll
Register platform support module: C:/Program Files/Unity/2020.2.3f1/Editor/Data/PlaybackEngines/LinuxStandaloneSupport/UnityEditor.LinuxStandalone.Extensions.dll
Registered in 0.002624 seconds.
Native extension for LinuxStandalone target not found
Native extension for WindowsStandalone target not found
Native extension for OSXStandalone target not found
Refreshing native plugins compatible for Editor in 31.03 ms, found 0 plugins.
Preloading 0 native plugins for Editor in 0.00 ms.
Invoked RoslynAnalysisRunner static constructor.
RoslynAnalysisRunner will not be running.
RoslynAnalysisRunner has terminated.
Mono: successfully reloaded assembly
- Completed reload, in  2.313 seconds
Platform modules already initialized, skipping
Registering precompiled user dll's ...
Registered in 0.000788 seconds.
Begin MonoManager ReloadAssembly
Native extension for LinuxStandalone target not found
Native extension for WindowsStandalone target not found
Native extension for OSXStandalone target not found
Refreshing native plugins compatible for Editor in 0.30 ms, found 0 plugins.
Preloading 0 native plugins for Editor in 0.00 ms.
Invoked RoslynAnalysisRunner static constructor.
RoslynAnalysisRunner will not be running.
RoslynAnalysisRunner has terminated.
Mono: successfully reloaded assembly
- Completed reload, in  0.829 seconds
Platform modules already initialized, skipping
========================================================================
Worker process is ready to serve import requests
Launched and connected shader compiler UnityShaderCompiler.exe after 0.08 seconds
Refreshing native plugins compatible for Editor in 0.34 ms, found 0 plugins.
Preloading 0 native plugins for Editor in 0.00 ms.
Unloading 1297 Unused Serialized files (Serialized files now loaded: 0)
System memory in use before: 151.9 MB.
System memory in use after: 152.0 MB.

Unloading 11 unused Assets to reduce memory usage. Loaded Objects now: 1761.
Total: 1.820200 ms (FindLiveObjects: 0.131600 ms CreateObjectMapping: 0.041900 ms MarkObjects: 1.560500 ms  DeleteObjects: 0.085400 ms)

========================================================================
Received Import Request.
  path: Assets/Test Abilities/Tail Swipe.asset
  artifactKey: Guid(e318066a48d76a94ca8f94cd2c2a5128) Importer(815301076,1909f56bfc062723c751e8b465ee728b)
Start importing Assets/Test Abilities/Tail Swipe.asset using Guid(e318066a48d76a94ca8f94cd2c2a5128) Importer(815301076,1909f56bfc062723c751e8b465ee728b)  -> (artifact id: '5256be93b055c2ea241b12c59c89917a') in 0.037927 seconds
  Import took 0.040975 seconds .

========================================================================
Received Import Request.
  Time since last request: 1.943599 seconds.
  path: Assets/Test Abilities/Tail Swipe.asset
  artifactKey: Guid(e318066a48d76a94ca8f94cd2c2a5128) Importer(815301076,1909f56bfc062723c751e8b465ee728b)
Start importing Assets/Test Abilities/Tail Swipe.asset using Guid(e318066a48d76a94ca8f94cd2c2a5128) Importer(815301076,1909f56bfc062723c751e8b465ee728b)  -> (artifact id: '5256be93b055c2ea241b12c59c89917a') in 0.003431 seconds
  Import took 0.005921 seconds .

========================================================================
Received Prepare
Registering precompiled user dll's ...
Registered in 0.000692 seconds.
Begin MonoManager ReloadAssembly
Native extension for LinuxStandalone target not found
Native extension for WindowsStandalone target not found
Native extension for OSXStandalone target not found
Refreshing native plugins compatible for Editor in 0.32 ms, found 0 plugins.
Preloading 0 native plugins for Editor in 0.00 ms.
Invoked RoslynAnalysisRunner static constructor.
RoslynAnalysisRunner will not be running.
RoslynAnalysisRunner has terminated.
Mono: successfully reloaded assembly
- Completed reload, in  0.805 seconds
Platform modules already initialized, skipping
Refreshing native plugins compatible for Editor in 0.33 ms, found 0 plugins.
Preloading 0 native plugins for Editor in 0.00 ms.
Unloading 1274 Unused Serialized files (Serialized files now loaded: 0)
System memory in use before: 150.5 MB.
System memory in use after: 150.6 MB.

Unloading 6 unused Assets to reduce memory usage. Loaded Objects now: 1764.
Total: 2.017000 ms (FindLiveObjects: 0.226100 ms CreateObjectMapping: 0.074100 ms MarkObjects: 1.661600 ms  DeleteObjects: 0.054100 ms)

========================================================================
Received Prepare
Registering precompiled user dll's ...
Registered in 0.000882 seconds.
Begin MonoManager ReloadAssembly
Native extension for LinuxStandalone target not found
Native extension for WindowsStandalone target not found
Native extension for OSXStandalone target not found
Refreshing native plugins compatible for Editor in 0.37 ms, found 0 plugins.
Preloading 0 native plugins for Editor in 0.00 ms.
Invoked RoslynAnalysisRunner static constructor.
RoslynAnalysisRunner will not be running.
RoslynAnalysisRunner has terminated.
Mono: successfully reloaded assembly
- Completed reload, in  0.919 seconds
Platform modules already initialized, skipping
Refreshing native plugins compatible for Editor in 0.34 ms, found 0 plugins.
Preloading 0 native plugins for Editor in 0.00 ms.
Unloading 1273 Unused Serialized files (Serialized files now loaded: 0)
System memory in use before: 150.5 MB.
System memory in use after: 150.6 MB.

Unloading 6 unused Assets to reduce memory usage. Loaded Objects now: 1766.
Total: 2.659400 ms (FindLiveObjects: 0.140900 ms CreateObjectMapping: 0.039300 ms MarkObjects: 2.421800 ms  DeleteObjects: 0.056400 ms)

========================================================================
Received Prepare
Registering precompiled user dll's ...
Registered in 0.001791 seconds.
Begin MonoManager ReloadAssembly
Native extension for LinuxStandalone target not found
Native extension for WindowsStandalone target not found
Native extension for OSXStandalone target not found
Refreshing native plugins compatible for Editor in 0.39 ms, found 0 plugins.
Preloading 0 native plugins for Editor in 0.00 ms.
Invoked RoslynAnalysisRunner static constructor.
RoslynAnalysisRunner will not be running.
RoslynAnalysisRunner has terminated.
Mono: successfully reloaded assembly
- Completed reload, in  0.996 seconds
Platform modules already initialized, skipping
Refreshing native plugins compatible for Editor in 0.35 ms, found 0 plugins.
Preloading 0 native plugins for Editor in 0.00 ms.
Unloading 1273 Unused Serialized files (Serialized files now loaded: 0)
System memory in use before: 150.5 MB.
System memory in use after: 150.6 MB.

Unloading 6 unused Assets to reduce memory usage. Loaded Objects now: 1768.
Total: 1.687600 ms (FindLiveObjects: 0.149500 ms CreateObjectMapping: 0.048300 ms MarkObjects: 1.429200 ms  DeleteObjects: 0.059600 ms)

========================================================================
Received Import Request.
  Time since last request: 214.055322 seconds.
  path: Assets/Test Abilities/Tail Swipe.asset
  artifactKey: Guid(e318066a48d76a94ca8f94cd2c2a5128) Importer(815301076,1909f56bfc062723c751e8b465ee728b)
Start importing Assets/Test Abilities/Tail Swipe.asset using Guid(e318066a48d76a94ca8f94cd2c2a5128) Importer(815301076,1909f56bfc062723c751e8b465ee728b)  -> (artifact id: '083d2a14fabb96d83ab4430917b995ac') in 0.021754 seconds
  Import took 0.025377 seconds .

========================================================================
Received Import Request.
  Time since last request: 2.238372 seconds.
  path: Assets/Test Abilities/Tail Swipe.asset
  artifactKey: Guid(e318066a48d76a94ca8f94cd2c2a5128) Importer(815301076,1909f56bfc062723c751e8b465ee728b)
Start importing Assets/Test Abilities/Tail Swipe.asset using Guid(e318066a48d76a94ca8f94cd2c2a5128) Importer(815301076,1909f56bfc062723c751e8b465ee728b)  -> (artifact id: '083d2a14fabb96d83ab4430917b995ac') in 0.003606 seconds
  Import took 0.005834 seconds .

========================================================================
Received Prepare
Registering precompiled user dll's ...
Registered in 0.000671 seconds.
Begin MonoManager ReloadAssembly
Native extension for LinuxStandalone target not found
Native extension for WindowsStandalone target not found
Native extension for OSXStandalone target not found
Refreshing native plugins compatible for Editor in 0.38 ms, found 0 plugins.
Preloading 0 native plugins for Editor in 0.00 ms.
Invoked RoslynAnalysisRunner static constructor.
RoslynAnalysisRunner will not be running.
RoslynAnalysisRunner has terminated.
Mono: successfully reloaded assembly
- Completed reload, in  0.768 seconds
Platform modules already initialized, skipping
Refreshing native plugins compatible for Editor in 0.38 ms, found 0 plugins.
Preloading 0 native plugins for Editor in 0.00 ms.
Unloading 1273 Unused Serialized files (Serialized files now loaded: 0)
System memory in use before: 150.5 MB.
System memory in use after: 150.6 MB.

Unloading 6 unused Assets to reduce memory usage. Loaded Objects now: 1770.
Total: 1.548900 ms (FindLiveObjects: 0.127400 ms CreateObjectMapping: 0.040400 ms MarkObjects: 1.328300 ms  DeleteObjects: 0.051800 ms)

========================================================================
Received Import Request.
  Time since last request: 43.968712 seconds.
  path: Assets/Test Abilities/Tail Swipe.asset
  artifactKey: Guid(e318066a48d76a94ca8f94cd2c2a5128) Importer(815301076,1909f56bfc062723c751e8b465ee728b)
Start importing Assets/Test Abilities/Tail Swipe.asset using Guid(e318066a48d76a94ca8f94cd2c2a5128) Importer(815301076,1909f56bfc062723c751e8b465ee728b)  -> (artifact id: '0b255d65374ac0d12fd3ac438a9758a8') in 0.022681 seconds
  Import took 0.025490 seconds .

========================================================================
Received Import Request.
  Time since last request: 17.053379 seconds.
  path: Assets/Test Abilities/Tail Swipe.asset
  artifactKey: Guid(e318066a48d76a94ca8f94cd2c2a5128) Importer(815301076,1909f56bfc062723c751e8b465ee728b)
Start importing Assets/Test Abilities/Tail Swipe.asset using Guid(e318066a48d76a94ca8f94cd2c2a5128) Importer(815301076,1909f56bfc062723c751e8b465ee728b)  -> (artifact id: '8e289019b4f315d151677f6f1831c65a') in 0.004012 seconds
  Import took 0.006421 seconds .

========================================================================
Received Prepare
Registering precompiled user dll's ...
Registered in 0.000843 seconds.
Begin MonoManager ReloadAssembly
Native extension for LinuxStandalone target not found
Native extension for WindowsStandalone target not found
Native extension for OSXStandalone target not found
Refreshing native plugins compatible for Editor in 0.31 ms, found 0 plugins.
Preloading 0 native plugins for Editor in 0.00 ms.
Invoked RoslynAnalysisRunner static constructor.
RoslynAnalysisRunner will not be running.
RoslynAnalysisRunner has terminated.
Mono: successfully reloaded assembly
- Completed reload, in  0.790 seconds
Platform modules already initialized, skipping
Refreshing native plugins compatible for Editor in 0.30 ms, found 0 plugins.
Preloading 0 native plugins for Editor in 0.00 ms.
Unloading 1273 Unused Serialized files (Serialized files now loaded: 0)
System memory in use before: 150.5 MB.
System memory in use after: 150.6 MB.

Unloading 6 unused Assets to reduce memory usage. Loaded Objects now: 1772.
Total: 2.511500 ms (FindLiveObjects: 0.369500 ms CreateObjectMapping: 0.166500 ms MarkObjects: 1.876600 ms  DeleteObjects: 0.097300 ms)

========================================================================
Received Import Request.
  Time since last request: 6900.490375 seconds.
  path: Assets/Test Abilities/Tail Swipe.asset
  artifactKey: Guid(e318066a48d76a94ca8f94cd2c2a5128) Importer(815301076,1909f56bfc062723c751e8b465ee728b)
Start importing Assets/Test Abilities/Tail Swipe.asset using Guid(e318066a48d76a94ca8f94cd2c2a5128) Importer(815301076,1909f56bfc062723c751e8b465ee728b)  -> (artifact id: '73793264cba2fd255bddc710b0b2c434') in 0.021444 seconds
  Import took 0.024523 seconds .

========================================================================
Received Prepare
Registering precompiled user dll's ...
Registered in 0.000722 seconds.
Begin MonoManager ReloadAssembly
Native extension for LinuxStandalone target not found
Native extension for WindowsStandalone target not found
Native extension for OSXStandalone target not found
Refreshing native plugins compatible for Editor in 0.32 ms, found 0 plugins.
Preloading 0 native plugins for Editor in 0.00 ms.
Invoked RoslynAnalysisRunner static constructor.
RoslynAnalysisRunner will not be running.
RoslynAnalysisRunner has terminated.
Mono: successfully reloaded assembly
- Completed reload, in  0.707 seconds
Platform modules already initialized, skipping
Refreshing native plugins compatible for Editor in 0.30 ms, found 0 plugins.
Preloading 0 native plugins for Editor in 0.00 ms.
Unloading 1273 Unused Serialized files (Serialized files now loaded: 0)
System memory in use before: 150.6 MB.
System memory in use after: 150.6 MB.

Unloading 6 unused Assets to reduce memory usage. Loaded Objects now: 1774.
Total: 1.698200 ms (FindLiveObjects: 0.166000 ms CreateObjectMapping: 0.042700 ms MarkObjects: 1.441000 ms  DeleteObjects: 0.046100 ms)

========================================================================
Received Prepare
Registering precompiled user dll's ...
Registered in 0.000905 seconds.
Begin MonoManager ReloadAssembly
Native extension for LinuxStandalone target not found
Native extension for WindowsStandalone target not found
Native extension for OSXStandalone target not found
Refreshing native plugins compatible for Editor in 0.36 ms, found 0 plugins.
Preloading 0 native plugins for Editor in 0.00 ms.
Invoked RoslynAnalysisRunner static constructor.
RoslynAnalysisRunner will not be running.
RoslynAnalysisRunner has terminated.
Mono: successfully reloaded assembly
- Completed reload, in  0.735 seconds
Platform modules already initialized, skipping
Refreshing native plugins compatible for Editor in 0.33 ms, found 0 plugins.
Preloading 0 native plugins for Editor in 0.00 ms.
Unloading 1273 Unused Serialized files (Serialized files now loaded: 0)
System memory in use before: 150.6 MB.
System memory in use after: 150.6 MB.

Unloading 6 unused Assets to reduce memory usage. Loaded Objects now: 1776.
Total: 2.783100 ms (FindLiveObjects: 0.223400 ms CreateObjectMapping: 0.081300 ms MarkObjects: 2.418500 ms  DeleteObjects: 0.058600 ms)

========================================================================
Received Import Request.
  Time since last request: 75.117786 seconds.
  path: Assets/Test Abilities/Tail Swipe.asset
  artifactKey: Guid(e318066a48d76a94ca8f94cd2c2a5128) Importer(815301076,1909f56bfc062723c751e8b465ee728b)
Start importing Assets/Test Abilities/Tail Swipe.asset using Guid(e318066a48d76a94ca8f94cd2c2a5128) Importer(815301076,1909f56bfc062723c751e8b465ee728b)  -> (artifact id: '71974f056616a6fc346342c2b0ab0501') in 0.013270 seconds
  Import took 0.015742 seconds .

========================================================================
Received Import Request.
  Time since last request: 1.782417 seconds.
  path: Assets/Test Abilities/Tail Swipe.asset
  artifactKey: Guid(e318066a48d76a94ca8f94cd2c2a5128) Importer(815301076,1909f56bfc062723c751e8b465ee728b)
Start importing Assets/Test Abilities/Tail Swipe.asset using Guid(e318066a48d76a94ca8f94cd2c2a5128) Importer(815301076,1909f56bfc062723c751e8b465ee728b)  -> (artifact id: '71974f056616a6fc346342c2b0ab0501') in 0.003215 seconds
  Import took 0.005609 seconds .

========================================================================
Received Prepare
Registering precompiled user dll's ...
Registered in 0.000677 seconds.
Begin MonoManager ReloadAssembly
Native extension for LinuxStandalone target not found
Native extension for WindowsStandalone target not found
Native extension for OSXStandalone target not found
Refreshing native plugins compatible for Editor in 0.29 ms, found 0 plugins.
Preloading 0 native plugins for Editor in 0.00 ms.
Invoked RoslynAnalysisRunner static constructor.
RoslynAnalysisRunner will not be running.
RoslynAnalysisRunner has terminated.
Mono: successfully reloaded assembly
- Completed reload, in  0.736 seconds
Platform modules already initialized, skipping
Refreshing native plugins compatible for Editor in 0.30 ms, found 0 plugins.
Preloading 0 native plugins for Editor in 0.00 ms.
Unloading 1273 Unused Serialized files (Serialized files now loaded: 0)
System memory in use before: 150.6 MB.
System memory in use after: 150.6 MB.

Unloading 6 unused Assets to reduce memory usage. Loaded Objects now: 1778.
Total: 2.216200 ms (FindLiveObjects: 0.178200 ms CreateObjectMapping: 0.061200 ms MarkObjects: 1.900400 ms  DeleteObjects: 0.074900 ms)

========================================================================
Received Import Request.
  Time since last request: 20.101663 seconds.
  path: Assets/Test Abilities/Tail Swipe.asset
  artifactKey: Guid(e318066a48d76a94ca8f94cd2c2a5128) Importer(815301076,1909f56bfc062723c751e8b465ee728b)
Start importing Assets/Test Abilities/Tail Swipe.asset using Guid(e318066a48d76a94ca8f94cd2c2a5128) Importer(815301076,1909f56bfc062723c751e8b465ee728b)  -> (artifact id: 'ff0832d22f41889bf7033e2a48b23275') in 0.021880 seconds
  Import took 0.032564 seconds .

========================================================================
Received Prepare
Registering precompiled user dll's ...
Registered in 0.000775 seconds.
Begin MonoManager ReloadAssembly
Native extension for LinuxStandalone target not found
Native extension for WindowsStandalone target not found
Native extension for OSXStandalone target not found
Refreshing native plugins compatible for Editor in 0.29 ms, found 0 plugins.
Preloading 0 native plugins for Editor in 0.00 ms.
Invoked RoslynAnalysisRunner static constructor.
RoslynAnalysisRunner will not be running.
RoslynAnalysisRunner has terminated.
Mono: successfully reloaded assembly
- Completed reload, in  0.715 seconds
Platform modules already initialized, skipping
Refreshing native plugins compatible for Editor in 0.30 ms, found 0 plugins.
Preloading 0 native plugins for Editor in 0.00 ms.
Unloading 1273 Unused Serialized files (Serialized files now loaded: 0)
System memory in use before: 150.6 MB.
System memory in use after: 150.7 MB.

Unloading 6 unused Assets to reduce memory usage. Loaded Objects now: 1780.
Total: 1.685200 ms (FindLiveObjects: 0.146200 ms CreateObjectMapping: 0.049800 ms MarkObjects: 1.430000 ms  DeleteObjects: 0.057600 ms)

========================================================================
Received Import Request.
  Time since last request: 150.059156 seconds.
  path: Assets/Prefabs/Cube.prefab
  artifactKey: Guid(4b908975a30f3ec48898b3306e3ab922) Importer(815301076,1909f56bfc062723c751e8b465ee728b)
Start importing Assets/Prefabs/Cube.prefab using Guid(4b908975a30f3ec48898b3306e3ab922) Importer(815301076,1909f56bfc062723c751e8b465ee728b)  -> (artifact id: '717e3d3b413b89dcf50678bda9acb248') in 0.110150 seconds
  Import took 0.112518 seconds .

========================================================================
Received Import Request.
  Time since last request: 21.078272 seconds.
  path: Assets/Prefabs/Sphere (1).prefab
  artifactKey: Guid(7f03f8e6bfe517d449f3b9bdab4a69dc) Importer(815301076,1909f56bfc062723c751e8b465ee728b)
Start importing Assets/Prefabs/Sphere (1).prefab using Guid(7f03f8e6bfe517d449f3b9bdab4a69dc) Importer(815301076,1909f56bfc062723c751e8b465ee728b)  -> (artifact id: '16b178d51ce002be1d15985ab1f263c5') in 0.015581 seconds
  Import took 0.018557 seconds .

========================================================================
Received Import Request.
  Time since last request: 15.325511 seconds.
  path: Assets/Prefabs/Sphere.prefab
  artifactKey: Guid(7f03f8e6bfe517d449f3b9bdab4a69dc) Importer(815301076,1909f56bfc062723c751e8b465ee728b)
Start importing Assets/Prefabs/Sphere.prefab using Guid(7f03f8e6bfe517d449f3b9bdab4a69dc) Importer(815301076,1909f56bfc062723c751e8b465ee728b)  -> (artifact id: '6072ac581fcb7354167cc1ce08169ad0') in 0.019716 seconds
  Import took 0.022959 seconds .

========================================================================
Received Prepare
Registering precompiled user dll's ...
Registered in 0.000648 seconds.
Begin MonoManager ReloadAssembly
Native extension for LinuxStandalone target not found
Native extension for WindowsStandalone target not found
Native extension for OSXStandalone target not found
Refreshing native plugins compatible for Editor in 0.37 ms, found 0 plugins.
Preloading 0 native plugins for Editor in 0.00 ms.
Invoked RoslynAnalysisRunner static constructor.
RoslynAnalysisRunner will not be running.
RoslynAnalysisRunner has terminated.
Mono: successfully reloaded assembly
- Completed reload, in  0.757 seconds
Platform modules already initialized, skipping
Refreshing native plugins compatible for Editor in 0.34 ms, found 0 plugins.
Preloading 0 native plugins for Editor in 0.00 ms.
Unloading 1273 Unused Serialized files (Serialized files now loaded: 0)
System memory in use before: 153.8 MB.
System memory in use after: 153.8 MB.

Unloading 7 unused Assets to reduce memory usage. Loaded Objects now: 1791.
Total: 1.585300 ms (FindLiveObjects: 0.138900 ms CreateObjectMapping: 0.037900 ms MarkObjects: 1.354300 ms  DeleteObjects: 0.053400 ms)

========================================================================
Received Prepare
Registering precompiled user dll's ...
Registered in 0.001096 seconds.
Begin MonoManager ReloadAssembly
Native extension for LinuxStandalone target not found
Native extension for WindowsStandalone target not found
Native extension for OSXStandalone target not found
Refreshing native plugins compatible for Editor in 0.34 ms, found 0 plugins.
Preloading 0 native plugins for Editor in 0.00 ms.
Invoked RoslynAnalysisRunner static constructor.
RoslynAnalysisRunner will not be running.
RoslynAnalysisRunner has terminated.
Mono: successfully reloaded assembly
- Completed reload, in  0.752 seconds
Platform modules already initialized, skipping
Refreshing native plugins compatible for Editor in 0.30 ms, found 0 plugins.
Preloading 0 native plugins for Editor in 0.00 ms.
Unloading 1273 Unused Serialized files (Serialized files now loaded: 0)
System memory in use before: 153.8 MB.
System memory in use after: 153.8 MB.

Unloading 6 unused Assets to reduce memory usage. Loaded Objects now: 1793.
Total: 1.972100 ms (FindLiveObjects: 0.207500 ms CreateObjectMapping: 0.055600 ms MarkObjects: 1.637200 ms  DeleteObjects: 0.070600 ms)

========================================================================
Received Prepare
Registering precompiled user dll's ...
Registered in 0.000820 seconds.
Begin MonoManager ReloadAssembly
Native extension for LinuxStandalone target not found
Native extension for WindowsStandalone target not found
Native extension for OSXStandalone target not found
Refreshing native plugins compatible for Editor in 0.62 ms, found 0 plugins.
Preloading 0 native plugins for Editor in 0.00 ms.
Invoked RoslynAnalysisRunner static constructor.
RoslynAnalysisRunner will not be running.
RoslynAnalysisRunner has terminated.
Mono: successfully reloaded assembly
- Completed reload, in  0.840 seconds
Platform modules already initialized, skipping
Refreshing native plugins compatible for Editor in 0.30 ms, found 0 plugins.
Preloading 0 native plugins for Editor in 0.00 ms.
Unloading 1273 Unused Serialized files (Serialized files now loaded: 0)
System memory in use before: 153.8 MB.
System memory in use after: 153.8 MB.

Unloading 6 unused Assets to reduce memory usage. Loaded Objects now: 1795.
Total: 2.318300 ms (FindLiveObjects: 0.321000 ms CreateObjectMapping: 0.072600 ms MarkObjects: 1.853000 ms  DeleteObjects: 0.070500 ms)

========================================================================
Received Prepare
Registering precompiled user dll's ...
Registered in 0.000625 seconds.
Begin MonoManager ReloadAssembly
Native extension for LinuxStandalone target not found
Native extension for WindowsStandalone target not found
Native extension for OSXStandalone target not found
Refreshing native plugins compatible for Editor in 0.30 ms, found 0 plugins.
Preloading 0 native plugins for Editor in 0.00 ms.
Invoked RoslynAnalysisRunner static constructor.
RoslynAnalysisRunner will not be running.
RoslynAnalysisRunner has terminated.
Mono: successfully reloaded assembly
- Completed reload, in  0.768 seconds
Platform modules already initialized, skipping
Refreshing native plugins compatible for Editor in 0.30 ms, found 0 plugins.
Preloading 0 native plugins for Editor in 0.00 ms.
Unloading 1273 Unused Serialized files (Serialized files now loaded: 0)
System memory in use before: 153.8 MB.
System memory in use after: 153.8 MB.

Unloading 6 unused Assets to reduce memory usage. Loaded Objects now: 1797.
Total: 1.803000 ms (FindLiveObjects: 0.157700 ms CreateObjectMapping: 0.057800 ms MarkObjects: 1.524300 ms  DeleteObjects: 0.062100 ms)

========================================================================
Received Prepare
Registering precompiled user dll's ...
Registered in 0.000705 seconds.
Begin MonoManager ReloadAssembly
Native extension for LinuxStandalone target not found
Native extension for WindowsStandalone target not found
Native extension for OSXStandalone target not found
Refreshing native plugins compatible for Editor in 0.31 ms, found 0 plugins.
Preloading 0 native plugins for Editor in 0.00 ms.
Invoked RoslynAnalysisRunner static constructor.
RoslynAnalysisRunner will not be running.
RoslynAnalysisRunner has terminated.
Mono: successfully reloaded assembly
- Completed reload, in  0.751 seconds
Platform modules already initialized, skipping
Refreshing native plugins compatible for Editor in 0.30 ms, found 0 plugins.
Preloading 0 native plugins for Editor in 0.00 ms.
Unloading 1273 Unused Serialized files (Serialized files now loaded: 0)
System memory in use before: 153.8 MB.
System memory in use after: 153.8 MB.

Unloading 6 unused Assets to reduce memory usage. Loaded Objects now: 1799.
Total: 1.746900 ms (FindLiveObjects: 0.151400 ms CreateObjectMapping: 0.032500 ms MarkObjects: 1.501400 ms  DeleteObjects: 0.060400 ms)

========================================================================
Received Prepare
Registering precompiled user dll's ...
Registered in 0.000892 seconds.
Begin MonoManager ReloadAssembly
Native extension for LinuxStandalone target not found
Native extension for WindowsStandalone target not found
Native extension for OSXStandalone target not found
Refreshing native plugins compatible for Editor in 0.31 ms, found 0 plugins.
Preloading 0 native plugins for Editor in 0.00 ms.
Invoked RoslynAnalysisRunner static constructor.
RoslynAnalysisRunner will not be running.
RoslynAnalysisRunner has terminated.
Mono: successfully reloaded assembly
- Completed reload, in  0.782 seconds
Platform modules already initialized, skipping
Refreshing native plugins compatible for Editor in 0.32 ms, found 0 plugins.
Preloading 0 native plugins for Editor in 0.00 ms.
Unloading 1273 Unused Serialized files (Serialized files now loaded: 0)
System memory in use before: 153.8 MB.
System memory in use after: 153.8 MB.

Unloading 6 unused Assets to reduce memory usage. Loaded Objects now: 1801.
Total: 1.713200 ms (FindLiveObjects: 0.147400 ms CreateObjectMapping: 0.037800 ms MarkObjects: 1.474400 ms  DeleteObjects: 0.052600 ms)

========================================================================
Received Prepare
Registering precompiled user dll's ...
Registered in 0.000699 seconds.
Begin MonoManager ReloadAssembly
Native extension for LinuxStandalone target not found
Native extension for WindowsStandalone target not found
Native extension for OSXStandalone target not found
Refreshing native plugins compatible for Editor in 0.31 ms, found 0 plugins.
Preloading 0 native plugins for Editor in 0.00 ms.
Invoked RoslynAnalysisRunner static constructor.
RoslynAnalysisRunner will not be running.
RoslynAnalysisRunner has terminated.
Mono: successfully reloaded assembly
- Completed reload, in  0.738 seconds
Platform modules already initialized, skipping
Refreshing native plugins compatible for Editor in 0.30 ms, found 0 plugins.
Preloading 0 native plugins for Editor in 0.00 ms.
Unloading 1273 Unused Serialized files (Serialized files now loaded: 0)
System memory in use before: 153.8 MB.
System memory in use after: 153.9 MB.

Unloading 6 unused Assets to reduce memory usage. Loaded Objects now: 1803.
Total: 2.648400 ms (FindLiveObjects: 0.276700 ms CreateObjectMapping: 0.110800 ms MarkObjects: 2.185500 ms  DeleteObjects: 0.074100 ms)

========================================================================
Received Prepare
Registering precompiled user dll's ...
Registered in 0.000679 seconds.
Begin MonoManager ReloadAssembly
Native extension for LinuxStandalone target not found
Native extension for WindowsStandalone target not found
Native extension for OSXStandalone target not found
Refreshing native plugins compatible for Editor in 0.30 ms, found 0 plugins.
Preloading 0 native plugins for Editor in 0.00 ms.
Invoked RoslynAnalysisRunner static constructor.
RoslynAnalysisRunner will not be running.
RoslynAnalysisRunner has terminated.
Mono: successfully reloaded assembly
- Completed reload, in  0.762 seconds
Platform modules already initialized, skipping
Refreshing native plugins compatible for Editor in 0.32 ms, found 0 plugins.
Preloading 0 native plugins for Editor in 0.00 ms.
Unloading 1273 Unused Serialized files (Serialized files now loaded: 0)
System memory in use before: 153.8 MB.
System memory in use after: 153.9 MB.

Unloading 6 unused Assets to reduce memory usage. Loaded Objects now: 1805.
Total: 2.331000 ms (FindLiveObjects: 0.170900 ms CreateObjectMapping: 0.060400 ms MarkObjects: 2.030800 ms  DeleteObjects: 0.067800 ms)

========================================================================
Received Prepare
Registering precompiled user dll's ...
Registered in 0.000719 seconds.
Begin MonoManager ReloadAssembly
Native extension for LinuxStandalone target not found
Native extension for WindowsStandalone target not found
Native extension for OSXStandalone target not found
Refreshing native plugins compatible for Editor in 0.30 ms, found 0 plugins.
Preloading 0 native plugins for Editor in 0.00 ms.
Invoked RoslynAnalysisRunner static constructor.
RoslynAnalysisRunner will not be running.
RoslynAnalysisRunner has terminated.
Mono: successfully reloaded assembly
- Completed reload, in  0.747 seconds
Platform modules already initialized, skipping
Refreshing native plugins compatible for Editor in 0.35 ms, found 0 plugins.
Preloading 0 native plugins for Editor in 0.00 ms.
Unloading 1273 Unused Serialized files (Serialized files now loaded: 0)
System memory in use before: 153.8 MB.
System memory in use after: 153.9 MB.

Unloading 6 unused Assets to reduce memory usage. Loaded Objects now: 1807.
Total: 1.734600 ms (FindLiveObjects: 0.151200 ms CreateObjectMapping: 0.045000 ms MarkObjects: 1.476600 ms  DeleteObjects: 0.060800 ms)

========================================================================
Received Prepare
Registering precompiled user dll's ...
Registered in 0.000639 seconds.
Begin MonoManager ReloadAssembly
Native extension for LinuxStandalone target not found
Native extension for WindowsStandalone target not found
Native extension for OSXStandalone target not found
Refreshing native plugins compatible for Editor in 0.29 ms, found 0 plugins.
Preloading 0 native plugins for Editor in 0.00 ms.
Invoked RoslynAnalysisRunner static constructor.
RoslynAnalysisRunner will not be running.
RoslynAnalysisRunner has terminated.
Mono: successfully reloaded assembly
- Completed reload, in  0.780 seconds
Platform modules already initialized, skipping
Refreshing native plugins compatible for Editor in 0.30 ms, found 0 plugins.
Preloading 0 native plugins for Editor in 0.00 ms.
Unloading 1273 Unused Serialized files (Serialized files now loaded: 0)
System memory in use before: 153.8 MB.
System memory in use after: 153.9 MB.

Unloading 6 unused Assets to reduce memory usage. Loaded Objects now: 1809.
Total: 1.842000 ms (FindLiveObjects: 0.135700 ms CreateObjectMapping: 0.041200 ms MarkObjects: 1.612200 ms  DeleteObjects: 0.052200 ms)

========================================================================
Received Prepare
Registering precompiled user dll's ...
Registered in 0.000681 seconds.
Begin MonoManager ReloadAssembly
Native extension for LinuxStandalone target not found
Native extension for WindowsStandalone target not found
Native extension for OSXStandalone target not found
Refreshing native plugins compatible for Editor in 0.31 ms, found 0 plugins.
Preloading 0 native plugins for Editor in 0.00 ms.
Invoked RoslynAnalysisRunner static constructor.
RoslynAnalysisRunner will not be running.
RoslynAnalysisRunner has terminated.
Mono: successfully reloaded assembly
- Completed reload, in  0.758 seconds
Platform modules already initialized, skipping
Refreshing native plugins compatible for Editor in 0.33 ms, found 0 plugins.
Preloading 0 native plugins for Editor in 0.00 ms.
Unloading 1273 Unused Serialized files (Serialized files now loaded: 0)
System memory in use before: 153.8 MB.
System memory in use after: 153.9 MB.

Unloading 6 unused Assets to reduce memory usage. Loaded Objects now: 1811.
Total: 1.914200 ms (FindLiveObjects: 0.172400 ms CreateObjectMapping: 0.053700 ms MarkObjects: 1.627700 ms  DeleteObjects: 0.059300 ms)

========================================================================
Received Prepare
Registering precompiled user dll's ...
Registered in 0.000659 seconds.
Begin MonoManager ReloadAssembly
Native extension for LinuxStandalone target not found
Native extension for WindowsStandalone target not found
Native extension for OSXStandalone target not found
Refreshing native plugins compatible for Editor in 0.30 ms, found 0 plugins.
Preloading 0 native plugins for Editor in 0.00 ms.
Invoked RoslynAnalysisRunner static constructor.
RoslynAnalysisRunner will not be running.
RoslynAnalysisRunner has terminated.
Mono: successfully reloaded assembly
- Completed reload, in  0.758 seconds
Platform modules already initialized, skipping
Refreshing native plugins compatible for Editor in 0.30 ms, found 0 plugins.
Preloading 0 native plugins for Editor in 0.00 ms.
Unloading 1273 Unused Serialized files (Serialized files now loaded: 0)
System memory in use before: 153.8 MB.
System memory in use after: 153.9 MB.

Unloading 6 unused Assets to reduce memory usage. Loaded Objects now: 1813.
Total: 1.746600 ms (FindLiveObjects: 0.176800 ms CreateObjectMapping: 0.052800 ms MarkObjects: 1.453300 ms  DeleteObjects: 0.062400 ms)

========================================================================
Received Prepare
Registering precompiled user dll's ...
Registered in 0.000782 seconds.
Begin MonoManager ReloadAssembly
Native extension for LinuxStandalone target not found
Native extension for WindowsStandalone target not found
Native extension for OSXStandalone target not found
Refreshing native plugins compatible for Editor in 0.31 ms, found 0 plugins.
Preloading 0 native plugins for Editor in 0.00 ms.
Invoked RoslynAnalysisRunner static constructor.
RoslynAnalysisRunner will not be running.
RoslynAnalysisRunner has terminated.
Mono: successfully reloaded assembly
- Completed reload, in  0.727 seconds
Platform modules already initialized, skipping
Refreshing native plugins compatible for Editor in 0.30 ms, found 0 plugins.
Preloading 0 native plugins for Editor in 0.00 ms.
Unloading 1273 Unused Serialized files (Serialized files now loaded: 0)
System memory in use before: 153.8 MB.
System memory in use after: 153.9 MB.

Unloading 6 unused Assets to reduce memory usage. Loaded Objects now: 1815.
Total: 1.879200 ms (FindLiveObjects: 0.161000 ms CreateObjectMapping: 0.048300 ms MarkObjects: 1.614400 ms  DeleteObjects: 0.054500 ms)

========================================================================
Received Prepare
Registering precompiled user dll's ...
Registered in 0.001028 seconds.
Begin MonoManager ReloadAssembly
Native extension for LinuxStandalone target not found
Native extension for WindowsStandalone target not found
Native extension for OSXStandalone target not found
Refreshing native plugins compatible for Editor in 0.31 ms, found 0 plugins.
Preloading 0 native plugins for Editor in 0.00 ms.
Invoked RoslynAnalysisRunner static constructor.
RoslynAnalysisRunner will not be running.
RoslynAnalysisRunner has terminated.
Mono: successfully reloaded assembly
- Completed reload, in  0.772 seconds
Platform modules already initialized, skipping
Refreshing native plugins compatible for Editor in 0.31 ms, found 0 plugins.
Preloading 0 native plugins for Editor in 0.00 ms.
Unloading 1273 Unused Serialized files (Serialized files now loaded: 0)
System memory in use before: 153.8 MB.
System memory in use after: 153.9 MB.

Unloading 6 unused Assets to reduce memory usage. Loaded Objects now: 1817.
Total: 2.287300 ms (FindLiveObjects: 0.172500 ms CreateObjectMapping: 0.062000 ms MarkObjects: 1.983900 ms  DeleteObjects: 0.067600 ms)

========================================================================
Received Prepare
Registering precompiled user dll's ...
Registered in 0.000704 seconds.
Begin MonoManager ReloadAssembly
Native extension for LinuxStandalone target not found
Native extension for WindowsStandalone target not found
Native extension for OSXStandalone target not found
Refreshing native plugins compatible for Editor in 0.30 ms, found 0 plugins.
Preloading 0 native plugins for Editor in 0.00 ms.
Invoked RoslynAnalysisRunner static constructor.
RoslynAnalysisRunner will not be running.
RoslynAnalysisRunner has terminated.
Mono: successfully reloaded assembly
- Completed reload, in  0.764 seconds
Platform modules already initialized, skipping
Refreshing native plugins compatible for Editor in 0.31 ms, found 0 plugins.
Preloading 0 native plugins for Editor in 0.00 ms.
Unloading 1273 Unused Serialized files (Serialized files now loaded: 0)
System memory in use before: 153.8 MB.
System memory in use after: 153.9 MB.

Unloading 6 unused Assets to reduce memory usage. Loaded Objects now: 1819.
Total: 1.778100 ms (FindLiveObjects: 0.143500 ms CreateObjectMapping: 0.051200 ms MarkObjects: 1.524700 ms  DeleteObjects: 0.057800 ms)

========================================================================
Received Prepare
Registering precompiled user dll's ...
Registered in 0.000718 seconds.
Begin MonoManager ReloadAssembly
Native extension for LinuxStandalone target not found
Native extension for WindowsStandalone target not found
Native extension for OSXStandalone target not found
Refreshing native plugins compatible for Editor in 0.30 ms, found 0 plugins.
Preloading 0 native plugins for Editor in 0.00 ms.
Invoked RoslynAnalysisRunner static constructor.
RoslynAnalysisRunner will not be running.
RoslynAnalysisRunner has terminated.
Mono: successfully reloaded assembly
- Completed reload, in  0.763 seconds
Platform modules already initialized, skipping
Refreshing native plugins compatible for Editor in 0.30 ms, found 0 plugins.
Preloading 0 native plugins for Editor in 0.00 ms.
Unloading 1273 Unused Serialized files (Serialized files now loaded: 0)
System memory in use before: 153.8 MB.
System memory in use after: 153.9 MB.

Unloading 6 unused Assets to reduce memory usage. Loaded Objects now: 1821.
Total: 1.912200 ms (FindLiveObjects: 0.173300 ms CreateObjectMapping: 0.052400 ms MarkObjects: 1.627800 ms  DeleteObjects: 0.057500 ms)

========================================================================
Received Prepare
Registering precompiled user dll's ...
Registered in 0.000682 seconds.
Begin MonoManager ReloadAssembly
Native extension for LinuxStandalone target not found
Native extension for WindowsStandalone target not found
Native extension for OSXStandalone target not found
Refreshing native plugins compatible for Editor in 0.29 ms, found 0 plugins.
Preloading 0 native plugins for Editor in 0.00 ms.
Invoked RoslynAnalysisRunner static constructor.
RoslynAnalysisRunner will not be running.
RoslynAnalysisRunner has terminated.
Mono: successfully reloaded assembly
- Completed reload, in  0.758 seconds
Platform modules already initialized, skipping
Refreshing native plugins compatible for Editor in 0.31 ms, found 0 plugins.
Preloading 0 native plugins for Editor in 0.00 ms.
Unloading 1273 Unused Serialized files (Serialized files now loaded: 0)
System memory in use before: 153.6 MB.
System memory in use after: 153.7 MB.

Unloading 6 unused Assets to reduce memory usage. Loaded Objects now: 1823.
Total: 2.618200 ms (FindLiveObjects: 0.196200 ms CreateObjectMapping: 0.061700 ms MarkObjects: 2.264400 ms  DeleteObjects: 0.094500 ms)

========================================================================
Received Prepare
Registering precompiled user dll's ...
Registered in 0.000644 seconds.
Begin MonoManager ReloadAssembly
Native extension for LinuxStandalone target not found
Native extension for WindowsStandalone target not found
Native extension for OSXStandalone target not found
Refreshing native plugins compatible for Editor in 0.30 ms, found 0 plugins.
Preloading 0 native plugins for Editor in 0.00 ms.
Invoked RoslynAnalysisRunner static constructor.
RoslynAnalysisRunner will not be running.
RoslynAnalysisRunner has terminated.
Mono: successfully reloaded assembly
- Completed reload, in  0.757 seconds
Platform modules already initialized, skipping
Refreshing native plugins compatible for Editor in 0.31 ms, found 0 plugins.
Preloading 0 native plugins for Editor in 0.00 ms.
Unloading 1273 Unused Serialized files (Serialized files now loaded: 0)
System memory in use before: 153.6 MB.
System memory in use after: 153.7 MB.

Unloading 6 unused Assets to reduce memory usage. Loaded Objects now: 1825.
Total: 1.807900 ms (FindLiveObjects: 0.180300 ms CreateObjectMapping: 0.071800 ms MarkObjects: 1.497000 ms  DeleteObjects: 0.057600 ms)

========================================================================
Received Prepare
Registering precompiled user dll's ...
Registered in 0.000667 seconds.
Begin MonoManager ReloadAssembly
Native extension for LinuxStandalone target not found
Native extension for WindowsStandalone target not found
Native extension for OSXStandalone target not found
Refreshing native plugins compatible for Editor in 0.30 ms, found 0 plugins.
Preloading 0 native plugins for Editor in 0.00 ms.
Invoked RoslynAnalysisRunner static constructor.
RoslynAnalysisRunner will not be running.
RoslynAnalysisRunner has terminated.
Mono: successfully reloaded assembly
- Completed reload, in  0.747 seconds
Platform modules already initialized, skipping
Refreshing native plugins compatible for Editor in 0.30 ms, found 0 plugins.
Preloading 0 native plugins for Editor in 0.00 ms.
Unloading 1273 Unused Serialized files (Serialized files now loaded: 0)
System memory in use before: 153.6 MB.
System memory in use after: 153.7 MB.

Unloading 6 unused Assets to reduce memory usage. Loaded Objects now: 1827.
Total: 2.320200 ms (FindLiveObjects: 0.456000 ms CreateObjectMapping: 0.134400 ms MarkObjects: 1.645000 ms  DeleteObjects: 0.082700 ms)

========================================================================
Received Import Request.
  Time since last request: 2029.749905 seconds.
  path: Assets/Test Abilities/Sword Cleave.asset
  artifactKey: Guid(02c4826ee3f87bb4ba584d3f739331cb) Importer(815301076,1909f56bfc062723c751e8b465ee728b)
Start importing Assets/Test Abilities/Sword Cleave.asset using Guid(02c4826ee3f87bb4ba584d3f739331cb) Importer(815301076,1909f56bfc062723c751e8b465ee728b)  -> (artifact id: 'fe43ccffb54b802342c680fe953fe553') in 0.018953 seconds
  Import took 0.021212 seconds .

========================================================================
Received Import Request.
  Time since last request: 2.433454 seconds.
  path: Assets/Test Abilities/Tail Swipe.asset
  artifactKey: Guid(e318066a48d76a94ca8f94cd2c2a5128) Importer(815301076,1909f56bfc062723c751e8b465ee728b)
Start importing Assets/Test Abilities/Tail Swipe.asset using Guid(e318066a48d76a94ca8f94cd2c2a5128) Importer(815301076,1909f56bfc062723c751e8b465ee728b)  -> (artifact id: '7b66e27b328058016638b05555dbda7e') in 0.003566 seconds
  Import took 0.007491 seconds .

========================================================================
Received Prepare
Registering precompiled user dll's ...
Registered in 0.000793 seconds.
Begin MonoManager ReloadAssembly
Native extension for LinuxStandalone target not found
Native extension for WindowsStandalone target not found
Native extension for OSXStandalone target not found
Refreshing native plugins compatible for Editor in 0.30 ms, found 0 plugins.
Preloading 0 native plugins for Editor in 0.00 ms.
Invoked RoslynAnalysisRunner static constructor.
RoslynAnalysisRunner will not be running.
RoslynAnalysisRunner has terminated.
Mono: successfully reloaded assembly
- Completed reload, in  0.740 seconds
Platform modules already initialized, skipping
Refreshing native plugins compatible for Editor in 0.32 ms, found 0 plugins.
Preloading 0 native plugins for Editor in 0.00 ms.
Unloading 1273 Unused Serialized files (Serialized files now loaded: 0)
System memory in use before: 153.6 MB.
System memory in use after: 153.7 MB.

Unloading 6 unused Assets to reduce memory usage. Loaded Objects now: 1829.
Total: 1.777400 ms (FindLiveObjects: 0.127200 ms CreateObjectMapping: 0.032500 ms MarkObjects: 1.559800 ms  DeleteObjects: 0.057100 ms)

========================================================================
Received Import Request.
  Time since last request: 11.360326 seconds.
  path: Assets/Test Abilities/Tail Swipe.asset
  artifactKey: Guid(e318066a48d76a94ca8f94cd2c2a5128) Importer(815301076,1909f56bfc062723c751e8b465ee728b)
Start importing Assets/Test Abilities/Tail Swipe.asset using Guid(e318066a48d76a94ca8f94cd2c2a5128) Importer(815301076,1909f56bfc062723c751e8b465ee728b)  -> (artifact id: '7bd811de1c59f47a163b16e684e87d1e') in 0.015102 seconds
  Import took 0.017728 seconds .

========================================================================
Received Prepare
Registering precompiled user dll's ...
Registered in 0.000771 seconds.
Begin MonoManager ReloadAssembly
Native extension for LinuxStandalone target not found
Native extension for WindowsStandalone target not found
Native extension for OSXStandalone target not found
Refreshing native plugins compatible for Editor in 0.30 ms, found 0 plugins.
Preloading 0 native plugins for Editor in 0.00 ms.
Invoked RoslynAnalysisRunner static constructor.
RoslynAnalysisRunner will not be running.
RoslynAnalysisRunner has terminated.
Mono: successfully reloaded assembly
- Completed reload, in  0.770 seconds
Platform modules already initialized, skipping
Refreshing native plugins compatible for Editor in 0.35 ms, found 0 plugins.
Preloading 0 native plugins for Editor in 0.00 ms.
Unloading 1273 Unused Serialized files (Serialized files now loaded: 0)
System memory in use before: 153.6 MB.
System memory in use after: 153.7 MB.

Unloading 6 unused Assets to reduce memory usage. Loaded Objects now: 1831.
Total: 2.461900 ms (FindLiveObjects: 0.257700 ms CreateObjectMapping: 0.085400 ms MarkObjects: 2.040400 ms  DeleteObjects: 0.077100 ms)

========================================================================
Received Prepare
Registering precompiled user dll's ...
Registered in 0.000736 seconds.
Begin MonoManager ReloadAssembly
Native extension for LinuxStandalone target not found
Native extension for WindowsStandalone target not found
Native extension for OSXStandalone target not found
Refreshing native plugins compatible for Editor in 0.30 ms, found 0 plugins.
Preloading 0 native plugins for Editor in 0.00 ms.
Invoked RoslynAnalysisRunner static constructor.
RoslynAnalysisRunner will not be running.
RoslynAnalysisRunner has terminated.
Mono: successfully reloaded assembly
- Completed reload, in  0.722 seconds
Platform modules already initialized, skipping
Refreshing native plugins compatible for Editor in 0.32 ms, found 0 plugins.
Preloading 0 native plugins for Editor in 0.00 ms.
Unloading 1273 Unused Serialized files (Serialized files now loaded: 0)
System memory in use before: 153.6 MB.
System memory in use after: 153.7 MB.

Unloading 6 unused Assets to reduce memory usage. Loaded Objects now: 1833.
Total: 2.276200 ms (FindLiveObjects: 0.333600 ms CreateObjectMapping: 0.131500 ms MarkObjects: 1.735000 ms  DeleteObjects: 0.074600 ms)

AssetImportWorkerClient::OnTransportError - code=2 error=End of file
