Using pre-set license
Built from '2020.2/staging' branch; Version is '2020.2.3f1 (8ff31bc5bf5b) revision 9433883'; Using compiler version '192528614'; Build Type 'Release'
OS: 'Windows 10 Home; OS build 19041.867; Version 2004; 64bit' Language: 'pl' Physical Memory: 8140 MB
BatchMode: 1, IsHumanControllingUs: 0, StartBugReporterOnCrash: 0, Is64bit: 1, IsPro: 0

 COMMAND LINE ARGUMENTS:
D:\Unity\2020.2.3f1\Editor\Unity.exe
-adb2
-batchMode
-noUpm
-name
AssetImportWorker0
-projectPath
D:/Unity Projects/KingArthurGame/Arthur-Narrative-Game/Arthur Narrative Game
-logFile
Logs/AssetImportWorker0.log
-srvPort
56878
Successfully changed project path to: D:/Unity Projects/KingArthurGame/Arthur-Narrative-Game/Arthur Narrative Game
D:/Unity Projects/KingArthurGame/Arthur-Narrative-Game/Arthur Narrative Game
Using Asset Import Pipeline V2.
Refreshing native plugins compatible for Editor in 32.43 ms, found 0 plugins.
Preloading 0 native plugins for Editor in 0.00 ms.
Initialize engine version: 2020.2.3f1 (8ff31bc5bf5b)
[Subsystems] Discovering subsystems at path D:/Unity/2020.2.3f1/Editor/Data/Resources/UnitySubsystems
[Subsystems] Discovering subsystems at path D:/Unity Projects/KingArthurGame/Arthur-Narrative-Game/Arthur Narrative Game/Assets
GfxDevice: creating device client; threaded=0
Direct3D:
    Version:  Direct3D 11.0 [level 11.1]
    Renderer: Radeon RX 580 Series (ID=0x67df)
    Vendor:   
    VRAM:     8171 MB
    Driver:   27.20.14501.18003
Initialize mono
Mono path[0] = 'D:/Unity/2020.2.3f1/Editor/Data/Managed'
Mono path[1] = 'D:/Unity/2020.2.3f1/Editor/Data/MonoBleedingEdge/lib/mono/unityjit'
Mono config path = 'D:/Unity/2020.2.3f1/Editor/Data/MonoBleedingEdge/etc'
Using monoOptions --debugger-agent=transport=dt_socket,embedding=1,server=y,suspend=n,address=127.0.0.1:56036
Begin MonoManager ReloadAssembly
Registering precompiled unity dll's ...
Register platform support module: D:/Unity/2020.2.3f1/Editor/Data/PlaybackEngines/MacStandaloneSupport/UnityEditor.OSXStandalone.Extensions.dll
Register platform support module: D:/Unity/2020.2.3f1/Editor/Data/PlaybackEngines/WindowsStandaloneSupport/UnityEditor.WindowsStandalone.Extensions.dll
Register platform support module: D:/Unity/2020.2.3f1/Editor/Data/PlaybackEngines/LinuxStandaloneSupport/UnityEditor.LinuxStandalone.Extensions.dll
Registered in 0.058369 seconds.
Native extension for LinuxStandalone target not found
Native extension for WindowsStandalone target not found
Native extension for OSXStandalone target not found
Refreshing native plugins compatible for Editor in 41.46 ms, found 0 plugins.
Preloading 0 native plugins for Editor in 0.00 ms.
Invoked RoslynAnalysisRunner static constructor.
RoslynAnalysisRunner will not be running.
RoslynAnalysisRunner has terminated.
Mono: successfully reloaded assembly
- Completed reload, in  2.309 seconds
Platform modules already initialized, skipping
Registering precompiled user dll's ...
Registered in 0.002895 seconds.
Begin MonoManager ReloadAssembly
Native extension for LinuxStandalone target not found
Native extension for WindowsStandalone target not found
Native extension for OSXStandalone target not found
Refreshing native plugins compatible for Editor in 0.56 ms, found 0 plugins.
Preloading 0 native plugins for Editor in 0.00 ms.
Invoked RoslynAnalysisRunner static constructor.
RoslynAnalysisRunner will not be running.
RoslynAnalysisRunner has terminated.
Mono: successfully reloaded assembly
- Completed reload, in  1.014 seconds
Platform modules already initialized, skipping
========================================================================
Worker process is ready to serve import requests
Launched and connected shader compiler UnityShaderCompiler.exe after 0.15 seconds
Refreshing native plugins compatible for Editor in 0.34 ms, found 0 plugins.
Preloading 0 native plugins for Editor in 0.00 ms.
Unloading 1294 Unused Serialized files (Serialized files now loaded: 0)
System memory in use before: 85.5 MB.
System memory in use after: 85.6 MB.

Unloading 10 unused Assets to reduce memory usage. Loaded Objects now: 1763.
Total: 2.307200 ms (FindLiveObjects: 0.296400 ms CreateObjectMapping: 0.162200 ms MarkObjects: 1.724700 ms  DeleteObjects: 0.123100 ms)

========================================================================
Received Import Request.
  path: Assets/Models and textures
  artifactKey: Guid(569889944b218d84a918389977983012) Importer(815301076,1909f56bfc062723c751e8b465ee728b)
Start importing Assets/Models and textures using Guid(569889944b218d84a918389977983012) Importer(815301076,1909f56bfc062723c751e8b465ee728b)  -> (artifact id: 'a9766553331a60218cf19b58cec18e55') in 0.006185 seconds
  Import took 0.009115 seconds .

========================================================================
Received Import Request.
  Time since last request: 18.909208 seconds.
  path: Assets/Models and textures/Knights/Lancelot/Textures
  artifactKey: Guid(03bd83aad89e70140bbc199d889af2ea) Importer(815301076,1909f56bfc062723c751e8b465ee728b)
Start importing Assets/Models and textures/Knights/Lancelot/Textures using Guid(03bd83aad89e70140bbc199d889af2ea) Importer(815301076,1909f56bfc062723c751e8b465ee728b)  -> (artifact id: 'f763c62d40f06c14fa1cd6182dfb997c') in 0.002558 seconds
  Import took 0.005409 seconds .

========================================================================
Received Import Request.
  Time since last request: 155.998918 seconds.
  path: Assets/Models and textures/Knights/Tristan/Tristan.prefab
  artifactKey: Guid(feb0e2be66160b74894bc3ad135767d8) Importer(815301076,1909f56bfc062723c751e8b465ee728b)
Start importing Assets/Models and textures/Knights/Tristan/Tristan.prefab using Guid(feb0e2be66160b74894bc3ad135767d8) Importer(815301076,1909f56bfc062723c751e8b465ee728b)  -> (artifact id: '2bcb6530f03326ae370fe9d2704eb012') in 0.134760 seconds
  Import took 0.138138 seconds .

AssetImportWorkerClient::OnTransportError - code=2 error=End of file
